{"/home/lore/workspace/github.com/LoreviQ/echoes-api/src/server.ts": {"path":"/home/lore/workspace/github.com/LoreviQ/echoes-api/src/server.ts","statementMap":{"0":{"start":{"line":1,"column":0},"end":{"line":1,"column":62}},"1":{"start":{"line":2,"column":0},"end":{"line":2,"column":50}},"2":{"start":{"line":3,"column":0},"end":{"line":3,"column":46}},"3":{"start":{"line":4,"column":0},"end":{"line":4,"column":28}},"4":{"start":{"line":7,"column":0},"end":{"line":7,"column":16}},"5":{"start":{"line":9,"column":21},"end":{"line":9,"column":30}},"6":{"start":{"line":10,"column":21},"end":{"line":10,"column":73}},"7":{"start":{"line":13,"column":0},"end":{"line":13,"column":24}},"8":{"start":{"line":16,"column":0},"end":{"line":18,"column":3}},"9":{"start":{"line":17,"column":4},"end":{"line":17,"column":28}},"10":{"start":{"line":21,"column":0},"end":{"line":21,"column":40}},"11":{"start":{"line":22,"column":0},"end":{"line":22,"column":42}},"12":{"start":{"line":24,"column":0},"end":{"line":26,"column":3}},"13":{"start":{"line":25,"column":4},"end":{"line":25,"column":50}}},"fnMap":{"0":{"name":"(anonymous_1)","decl":{"start":{"line":16,"column":13},"end":{"line":16,"column":14}},"loc":{"start":{"line":16,"column":45},"end":{"line":18,"column":1}}},"1":{"name":"(anonymous_2)","decl":{"start":{"line":24,"column":17},"end":{"line":24,"column":20}},"loc":{"start":{"line":24,"column":22},"end":{"line":26,"column":1}}}},"branchMap":{"0":{"loc":{"start":{"line":10,"column":21},"end":{"line":10,"column":73}},"type":"cond-expr","locations":[{"start":{"line":10,"column":40},"end":{"line":10,"column":66}},{"start":{"line":10,"column":69},"end":{"line":10,"column":73}}]}},"s":{"0":0,"1":0,"2":0,"3":0,"4":0,"5":0,"6":0,"7":0,"8":0,"9":0,"10":0,"11":0,"12":0,"13":0},"f":{"0":0,"1":0},"b":{"0":[0,0]}}
,"/home/lore/workspace/github.com/LoreviQ/echoes-api/src/config/supabase.ts": {"path":"/home/lore/workspace/github.com/LoreviQ/echoes-api/src/config/supabase.ts","statementMap":{"0":{"start":{"line":1,"column":0},"end":{"line":1,"column":53}},"1":{"start":{"line":2,"column":0},"end":{"line":2,"column":28}},"2":{"start":{"line":5,"column":0},"end":{"line":5,"column":16}},"3":{"start":{"line":8,"column":20},"end":{"line":8,"column":50}},"4":{"start":{"line":9,"column":20},"end":{"line":9,"column":56}},"5":{"start":{"line":11,"column":0},"end":{"line":14,"column":1}},"6":{"start":{"line":12,"column":4},"end":{"line":12,"column":108}},"7":{"start":{"line":13,"column":4},"end":{"line":13,"column":20}},"8":{"start":{"line":16,"column":17},"end":{"line":16,"column":55}},"9":{"start":{"line":18,"column":0},"end":{"line":18,"column":24}}},"fnMap":{},"branchMap":{"0":{"loc":{"start":{"line":8,"column":20},"end":{"line":8,"column":50}},"type":"binary-expr","locations":[{"start":{"line":8,"column":20},"end":{"line":8,"column":44}},{"start":{"line":8,"column":48},"end":{"line":8,"column":50}}]},"1":{"loc":{"start":{"line":9,"column":20},"end":{"line":9,"column":56}},"type":"binary-expr","locations":[{"start":{"line":9,"column":20},"end":{"line":9,"column":50}},{"start":{"line":9,"column":54},"end":{"line":9,"column":56}}]},"2":{"loc":{"start":{"line":11,"column":0},"end":{"line":14,"column":1}},"type":"if","locations":[{"start":{"line":11,"column":0},"end":{"line":14,"column":1}}]},"3":{"loc":{"start":{"line":11,"column":4},"end":{"line":11,"column":32}},"type":"binary-expr","locations":[{"start":{"line":11,"column":4},"end":{"line":11,"column":16}},{"start":{"line":11,"column":20},"end":{"line":11,"column":32}}]}},"s":{"0":0,"1":0,"2":0,"3":0,"4":0,"5":0,"6":0,"7":0,"8":0,"9":0},"f":{},"b":{"0":[0,0],"1":[0,0],"2":[0],"3":[0,0]}}
,"/home/lore/workspace/github.com/LoreviQ/echoes-api/src/controllers/aiGen.ts": {"path":"/home/lore/workspace/github.com/LoreviQ/echoes-api/src/controllers/aiGen.ts","statementMap":{"0":{"start":{"line":2,"column":0},"end":{"line":2,"column":53}},"1":{"start":{"line":13,"column":31},"end":{"line":44,"column":1}},"2":{"start":{"line":14,"column":4},"end":{"line":43,"column":5}},"3":{"start":{"line":15,"column":53},"end":{"line":15,"column":82}},"4":{"start":{"line":18,"column":8},"end":{"line":20,"column":9}},"5":{"start":{"line":19,"column":12},"end":{"line":19,"column":77}},"6":{"start":{"line":22,"column":8},"end":{"line":24,"column":9}},"7":{"start":{"line":23,"column":12},"end":{"line":23,"column":73}},"8":{"start":{"line":27,"column":33},"end":{"line":30,"column":null}},"9":{"start":{"line":33,"column":8},"end":{"line":36,"column":11}},"10":{"start":{"line":38,"column":8},"end":{"line":38,"column":58}},"11":{"start":{"line":39,"column":8},"end":{"line":42,"column":11}},"12":{"start":{"line":13,"column":13},"end":{"line":13,"column":31}}},"fnMap":{"0":{"name":"(anonymous_0)","decl":{"start":{"line":13,"column":31},"end":{"line":13,"column":36}},"loc":{"start":{"line":13,"column":83},"end":{"line":44,"column":1}}}},"branchMap":{"0":{"loc":{"start":{"line":18,"column":8},"end":{"line":20,"column":9}},"type":"if","locations":[{"start":{"line":18,"column":8},"end":{"line":20,"column":9}}]},"1":{"loc":{"start":{"line":22,"column":8},"end":{"line":24,"column":9}},"type":"if","locations":[{"start":{"line":22,"column":8},"end":{"line":24,"column":9}}]},"2":{"loc":{"start":{"line":30,"column":12},"end":{"line":30,"column":35}},"type":"binary-expr","locations":[{"start":{"line":30,"column":12},"end":{"line":30,"column":29}},{"start":{"line":30,"column":33},"end":{"line":30,"column":35}}]},"3":{"loc":{"start":{"line":41,"column":19},"end":{"line":41,"column":66}},"type":"binary-expr","locations":[{"start":{"line":41,"column":19},"end":{"line":41,"column":32}},{"start":{"line":41,"column":36},"end":{"line":41,"column":66}}]}},"s":{"0":0,"1":0,"2":0,"3":0,"4":0,"5":0,"6":0,"7":0,"8":0,"9":0,"10":0,"11":0,"12":0},"f":{"0":0},"b":{"0":[0],"1":[0],"2":[0,0],"3":[0,0]}}
,"/home/lore/workspace/github.com/LoreviQ/echoes-api/src/controllers/posts.ts": {"path":"/home/lore/workspace/github.com/LoreviQ/echoes-api/src/controllers/posts.ts","statementMap":{"0":{"start":{"line":2,"column":0},"end":{"line":2,"column":42}},"1":{"start":{"line":7,"column":26},"end":{"line":40,"column":1}},"2":{"start":{"line":8,"column":4},"end":{"line":39,"column":5}},"3":{"start":{"line":9,"column":33},"end":{"line":9,"column":43}},"4":{"start":{"line":12,"column":8},"end":{"line":14,"column":9}},"5":{"start":{"line":13,"column":12},"end":{"line":13,"column":79}},"6":{"start":{"line":17,"column":32},"end":{"line":23,"column":21}},"7":{"start":{"line":25,"column":8},"end":{"line":28,"column":9}},"8":{"start":{"line":26,"column":12},"end":{"line":26,"column":57}},"9":{"start":{"line":27,"column":12},"end":{"line":27,"column":66}},"10":{"start":{"line":30,"column":8},"end":{"line":33,"column":11}},"11":{"start":{"line":35,"column":8},"end":{"line":35,"column":64}},"12":{"start":{"line":36,"column":8},"end":{"line":38,"column":11}},"13":{"start":{"line":7,"column":13},"end":{"line":7,"column":26}}},"fnMap":{"0":{"name":"(anonymous_1)","decl":{"start":{"line":7,"column":26},"end":{"line":7,"column":31}},"loc":{"start":{"line":7,"column":78},"end":{"line":40,"column":1}}}},"branchMap":{"0":{"loc":{"start":{"line":12,"column":8},"end":{"line":14,"column":9}},"type":"if","locations":[{"start":{"line":12,"column":8},"end":{"line":14,"column":9}}]},"1":{"loc":{"start":{"line":25,"column":8},"end":{"line":28,"column":9}},"type":"if","locations":[{"start":{"line":25,"column":8},"end":{"line":28,"column":9}}]},"2":{"loc":{"start":{"line":32,"column":18},"end":{"line":32,"column":39}},"type":"cond-expr","locations":[{"start":{"line":32,"column":25},"end":{"line":32,"column":32}},{"start":{"line":32,"column":35},"end":{"line":32,"column":39}}]}},"s":{"0":0,"1":0,"2":0,"3":0,"4":0,"5":0,"6":0,"7":0,"8":0,"9":0,"10":0,"11":0,"12":0,"13":0},"f":{"0":0},"b":{"0":[0],"1":[0],"2":[0,0]}}
,"/home/lore/workspace/github.com/LoreviQ/echoes-api/src/routes/aiGen.ts": {"path":"/home/lore/workspace/github.com/LoreviQ/echoes-api/src/routes/aiGen.ts","statementMap":{"0":{"start":{"line":1,"column":0},"end":{"line":1,"column":42}},"1":{"start":{"line":2,"column":0},"end":{"line":2,"column":55}},"2":{"start":{"line":4,"column":23},"end":{"line":4,"column":39}},"3":{"start":{"line":7,"column":0},"end":{"line":7,"column":34}},"4":{"start":{"line":9,"column":0},"end":{"line":9,"column":22}}},"fnMap":{},"branchMap":{},"s":{"0":0,"1":0,"2":0,"3":0,"4":0},"f":{},"b":{}}
,"/home/lore/workspace/github.com/LoreviQ/echoes-api/src/routes/characters.ts": {"path":"/home/lore/workspace/github.com/LoreviQ/echoes-api/src/routes/characters.ts","statementMap":{"0":{"start":{"line":1,"column":0},"end":{"line":1,"column":42}},"1":{"start":{"line":2,"column":0},"end":{"line":2,"column":50}},"2":{"start":{"line":4,"column":23},"end":{"line":4,"column":39}},"3":{"start":{"line":7,"column":0},"end":{"line":7,"column":48}},"4":{"start":{"line":9,"column":0},"end":{"line":9,"column":22}}},"fnMap":{},"branchMap":{},"s":{"0":0,"1":0,"2":0,"3":0,"4":0},"f":{},"b":{}}
,"/home/lore/workspace/github.com/LoreviQ/echoes-api/src/services/aiGen.ts": {"path":"/home/lore/workspace/github.com/LoreviQ/echoes-api/src/services/aiGen.ts","statementMap":{"0":{"start":{"line":16,"column":0},"end":{"line":16,"column":7}},"1":{"start":{"line":1,"column":0},"end":{"line":1,"column":44}},"2":{"start":{"line":2,"column":0},"end":{"line":2,"column":28}},"3":{"start":{"line":5,"column":0},"end":{"line":5,"column":16}},"4":{"start":{"line":7,"column":18},"end":{"line":7,"column":73}},"5":{"start":{"line":9,"column":51},"end":{"line":13,"column":null}},"6":{"start":{"line":17,"column":4},"end":{"line":22,"column":5}},"7":{"start":{"line":19,"column":12},"end":{"line":19,"column":68}},"8":{"start":{"line":21,"column":12},"end":{"line":21,"column":59}},"9":{"start":{"line":27,"column":4},"end":{"line":40,"column":5}},"10":{"start":{"line":28,"column":25},"end":{"line":34,"column":10}},"11":{"start":{"line":35,"column":8},"end":{"line":35,"column":45}},"12":{"start":{"line":36,"column":8},"end":{"line":36,"column":29}},"13":{"start":{"line":38,"column":8},"end":{"line":38,"column":58}},"14":{"start":{"line":39,"column":8},"end":{"line":39,"column":20}}},"fnMap":{"0":{"name":"generateResponse","decl":{"start":{"line":16,"column":22},"end":{"line":16,"column":38}},"loc":{"start":{"line":16,"column":129},"end":{"line":23,"column":1}}},"1":{"name":"googleGenerate","decl":{"start":{"line":26,"column":15},"end":{"line":26,"column":29}},"loc":{"start":{"line":26,"column":91},"end":{"line":41,"column":1}}}},"branchMap":{"0":{"loc":{"start":{"line":16,"column":55},"end":{"line":16,"column":97}},"type":"default-arg","locations":[{"start":{"line":16,"column":71},"end":{"line":16,"column":97}}]},"1":{"loc":{"start":{"line":16,"column":99},"end":{"line":16,"column":129}},"type":"default-arg","locations":[{"start":{"line":16,"column":127},"end":{"line":16,"column":129}}]},"2":{"loc":{"start":{"line":17,"column":4},"end":{"line":22,"column":5}},"type":"switch","locations":[{"start":{"line":18,"column":8},"end":{"line":19,"column":68}},{"start":{"line":20,"column":8},"end":{"line":21,"column":59}}]},"3":{"loc":{"start":{"line":26,"column":61},"end":{"line":26,"column":91}},"type":"default-arg","locations":[{"start":{"line":26,"column":89},"end":{"line":26,"column":91}}]}},"s":{"0":1,"1":1,"2":1,"3":1,"4":1,"5":1,"6":5,"7":4,"8":1,"9":4,"10":4,"11":3,"12":3,"13":1,"14":1},"f":{"0":5,"1":4},"b":{"0":[1],"1":[4],"2":[4,1],"3":[0]}}
}
