TN:
SF:src/server.ts
FN:16,(anonymous_1)
FN:24,(anonymous_2)
FNF:2
FNH:0
FNDA:0,(anonymous_1)
FNDA:0,(anonymous_2)
DA:1,0
DA:2,0
DA:3,0
DA:4,0
DA:7,0
DA:9,0
DA:10,0
DA:13,0
DA:16,0
DA:17,0
DA:21,0
DA:22,0
DA:24,0
DA:25,0
LF:14
LH:0
BRDA:10,0,0,0
BRDA:10,0,1,0
BRF:2
BRH:0
end_of_record
TN:
SF:src/config/supabase.ts
FNF:0
FNH:0
DA:1,0
DA:2,0
DA:5,0
DA:8,0
DA:9,0
DA:11,0
DA:12,0
DA:13,0
DA:16,0
DA:18,0
LF:10
LH:0
BRDA:8,0,0,0
BRDA:8,0,1,0
BRDA:9,1,0,0
BRDA:9,1,1,0
BRDA:11,2,0,0
BRDA:11,3,0,0
BRDA:11,3,1,0
BRF:7
BRH:0
end_of_record
TN:
SF:src/controllers/aiGen.ts
FN:13,(anonymous_0)
FNF:1
FNH:0
FNDA:0,(anonymous_0)
DA:2,0
DA:13,0
DA:14,0
DA:15,0
DA:18,0
DA:19,0
DA:22,0
DA:23,0
DA:27,0
DA:33,0
DA:38,0
DA:39,0
LF:12
LH:0
BRDA:18,0,0,0
BRDA:22,1,0,0
BRDA:30,2,0,0
BRDA:30,2,1,0
BRDA:41,3,0,0
BRDA:41,3,1,0
BRF:6
BRH:0
end_of_record
TN:
SF:src/controllers/posts.ts
FN:7,(anonymous_1)
FNF:1
FNH:0
FNDA:0,(anonymous_1)
DA:2,0
DA:7,0
DA:8,0
DA:9,0
DA:12,0
DA:13,0
DA:17,0
DA:25,0
DA:26,0
DA:27,0
DA:30,0
DA:35,0
DA:36,0
LF:13
LH:0
BRDA:12,0,0,0
BRDA:25,1,0,0
BRDA:32,2,0,0
BRDA:32,2,1,0
BRF:4
BRH:0
end_of_record
TN:
SF:src/routes/aiGen.ts
FNF:0
FNH:0
DA:1,0
DA:2,0
DA:4,0
DA:7,0
DA:9,0
LF:5
LH:0
BRF:0
BRH:0
end_of_record
TN:
SF:src/routes/characters.ts
FNF:0
FNH:0
DA:1,0
DA:2,0
DA:4,0
DA:7,0
DA:9,0
LF:5
LH:0
BRF:0
BRH:0
end_of_record
TN:
SF:src/services/aiGen.ts
FN:16,generateResponse
FN:26,googleGenerate
FNF:2
FNH:2
FNDA:5,generateResponse
FNDA:4,googleGenerate
DA:1,1
DA:2,1
DA:5,1
DA:7,1
DA:9,1
DA:16,1
DA:17,5
DA:19,4
DA:21,1
DA:27,4
DA:28,4
DA:35,3
DA:36,3
DA:38,1
DA:39,1
LF:15
LH:15
BRDA:16,0,0,1
BRDA:16,1,0,4
BRDA:17,2,0,4
BRDA:17,2,1,1
BRDA:26,3,0,0
BRF:5
BRH:4
end_of_record
